Mon Mar 30 14:19:14 CEST 2020 : Apache Derby Network Server - 10.14.2.0 - (1828579) started and ready to accept connections on port 1527
----------------------------------------------------------------
Mon Mar 30 14:19:14 CEST 2020:
Booting Derby version The Apache Software Foundation - Apache Derby - 10.14.2.0 - (1828579): instance a816c00e-0171-2b61-9b12-000059499c18 
on database directory C:\Users\Iyad\Desktop\TP DASI\B3224\DASI-Projet\ProjetTest with class loader jdk.internal.loader.ClassLoaders$AppClassLoader@c387f44 
Loaded from file:/C:/Program%20Files/Java/JavaDB-Installation/db-derby-10.14.2.0-lib/lib/derby.jar
java.vendor=Oracle Corporation
java.runtime.version=13.0.2+8
user.dir=C:\Program Files\Java\JavaDB-Installation\db-derby-10.14.2.0-lib
os.name=Windows 10
os.arch=amd64
os.version=10.0
derby.system.home=C:\Users\Iyad\Desktop\TP DASI\B3224\DASI-Projet
Database Class Loader started - derby.database.classpath=''
----------------------------------------------------------------
Mon Mar 30 15:39:47 CEST 2020:
Shutting down instance a816c00e-0171-2b61-9b12-000059499c18 on database directory C:\Users\Iyad\Desktop\TP DASI\B3224\DASI-Projet\ProjetTest with class loader jdk.internal.loader.ClassLoaders$AppClassLoader@c387f44 
Mon Mar 30 15:39:47 CEST 2020 Thread[DRDAConnThread_2,5,main] (DATABASE = ProjetTest), (DRDAID = {6}), Database 'ProjetTest' shutdown.
----------------------------------------------------------------
Mon Mar 30 15:40:06 CEST 2020:
Booting Derby version The Apache Software Foundation - Apache Derby - 10.14.2.0 - (1828579): instance 0ddd00a9-0171-2b61-9b12-000059499c18 
on database directory C:\Users\Iyad\Desktop\TP DASI\B3224\DASI-Projet\ProjetTest with class loader jdk.internal.loader.ClassLoaders$AppClassLoader@c387f44 
Loaded from file:/C:/Program%20Files/Java/JavaDB-Installation/db-derby-10.14.2.0-lib/lib/derby.jar
java.vendor=Oracle Corporation
java.runtime.version=13.0.2+8
user.dir=C:\Program Files\Java\JavaDB-Installation\db-derby-10.14.2.0-lib
os.name=Windows 10
os.arch=amd64
os.version=10.0
derby.system.home=C:\Users\Iyad\Desktop\TP DASI\B3224\DASI-Projet
Database Class Loader started - derby.database.classpath=''
----------------------------------------------------------------
Mon Mar 30 15:40:07 CEST 2020:
Shutting down instance 0ddd00a9-0171-2b61-9b12-000059499c18 on database directory C:\Users\Iyad\Desktop\TP DASI\B3224\DASI-Projet\ProjetTest with class loader jdk.internal.loader.ClassLoaders$AppClassLoader@c387f44 
Mon Mar 30 15:40:07 CEST 2020 Thread[DRDAConnThread_2,5,main] (DATABASE = ProjetTest), (DRDAID = {8}), Database 'ProjetTest' shutdown.
----------------------------------------------------------------
Mon Mar 30 15:41:00 CEST 2020:
Booting Derby version The Apache Software Foundation - Apache Derby - 10.14.2.0 - (1828579): instance 7d03414a-0171-2b61-9b12-000059499c18 
on database directory C:\Users\Iyad\Desktop\TP DASI\B3224\DASI-Projet\ProjetTest with class loader jdk.internal.loader.ClassLoaders$AppClassLoader@c387f44 
Loaded from file:/C:/Program%20Files/Java/JavaDB-Installation/db-derby-10.14.2.0-lib/lib/derby.jar
java.vendor=Oracle Corporation
java.runtime.version=13.0.2+8
user.dir=C:\Program Files\Java\JavaDB-Installation\db-derby-10.14.2.0-lib
os.name=Windows 10
os.arch=amd64
os.version=10.0
derby.system.home=C:\Users\Iyad\Desktop\TP DASI\B3224\DASI-Projet
Database Class Loader started - derby.database.classpath=''
----------------------------------------------------------------
Mon Mar 30 15:44:16 CEST 2020:
Shutting down instance 7d03414a-0171-2b61-9b12-000059499c18 on database directory C:\Users\Iyad\Desktop\TP DASI\B3224\DASI-Projet\ProjetTest with class loader jdk.internal.loader.ClassLoaders$AppClassLoader@c387f44 
Mon Mar 30 15:44:16 CEST 2020 Thread[DRDAConnThread_3,5,main] (DATABASE = ProjetTest), (DRDAID = {14}), Database 'ProjetTest' shutdown.
----------------------------------------------------------------
Mon Mar 30 15:44:40 CEST 2020:
Booting Derby version The Apache Software Foundation - Apache Derby - 10.14.2.0 - (1828579): instance dd5cc163-0171-2b61-9b12-000059499c18 
on database directory C:\Users\Iyad\Desktop\TP DASI\B3224\DASI-Projet\ProjetTest with class loader jdk.internal.loader.ClassLoaders$AppClassLoader@c387f44 
Loaded from file:/C:/Program%20Files/Java/JavaDB-Installation/db-derby-10.14.2.0-lib/lib/derby.jar
java.vendor=Oracle Corporation
java.runtime.version=13.0.2+8
user.dir=C:\Program Files\Java\JavaDB-Installation\db-derby-10.14.2.0-lib
os.name=Windows 10
os.arch=amd64
os.version=10.0
derby.system.home=C:\Users\Iyad\Desktop\TP DASI\B3224\DASI-Projet
Database Class Loader started - derby.database.classpath=''
----------------------------------------------------------------
Mon Mar 30 15:44:41 CEST 2020:
Shutting down instance dd5cc163-0171-2b61-9b12-000059499c18 on database directory C:\Users\Iyad\Desktop\TP DASI\B3224\DASI-Projet\ProjetTest with class loader jdk.internal.loader.ClassLoaders$AppClassLoader@c387f44 
Mon Mar 30 15:44:41 CEST 2020 Thread[DRDAConnThread_3,5,main] (DATABASE = ProjetTest), (DRDAID = {16}), Database 'ProjetTest' shutdown.
----------------------------------------------------------------
Mon Mar 30 15:46:14 CEST 2020:
Booting Derby version The Apache Software Foundation - Apache Derby - 10.14.2.0 - (1828579): instance 59c18204-0171-2b61-9b12-000059499c18 
on database directory C:\Users\Iyad\Desktop\TP DASI\B3224\DASI-Projet\ProjetTest with class loader jdk.internal.loader.ClassLoaders$AppClassLoader@c387f44 
Loaded from file:/C:/Program%20Files/Java/JavaDB-Installation/db-derby-10.14.2.0-lib/lib/derby.jar
java.vendor=Oracle Corporation
java.runtime.version=13.0.2+8
user.dir=C:\Program Files\Java\JavaDB-Installation\db-derby-10.14.2.0-lib
os.name=Windows 10
os.arch=amd64
os.version=10.0
derby.system.home=C:\Users\Iyad\Desktop\TP DASI\B3224\DASI-Projet
Database Class Loader started - derby.database.classpath=''
